app/build/intermediates/manifest_merge_blame_file/release/manifest-merger-blame-release-report.txt
1<?xml version="1.0" encoding="utf-8"?>
2<manifest xmlns:android="http://schemas.android.com/apk/res/android"
3    package="co.miescuela"
4    android:installLocation="internalOnly"
5    android:sharedUserId="co.miescuela"
6    android:sharedUserLabel="@string/shared_user_label"
7    android:versionCode="75"
8    android:versionName="0.75" >
9
10    <uses-sdk
11        android:minSdkVersion="21"
11-->src/main/AndroidManifest.xml
12        android:targetSdkVersion="28" />
12-->src/main/AndroidManifest.xml
13
14    <uses-feature
14-->src/main/AndroidManifest.xml:8:5-90
15        android:name="android.hardware.touchscreen"
15-->src/main/AndroidManifest.xml:8:19-62
16        android:required="false" />
16-->src/main/AndroidManifest.xml:8:63-87
17    <uses-feature
17-->src/main/AndroidManifest.xml:9:5-87
18        android:name="android.software.leanback"
18-->src/main/AndroidManifest.xml:9:19-59
19        android:required="false" />
19-->src/main/AndroidManifest.xml:9:60-84
20
21    <uses-permission android:name="android.permission.INTERNET" />
21-->src/main/AndroidManifest.xml:11:5-67
21-->src/main/AndroidManifest.xml:11:22-64
22    <uses-permission android:name="android.permission.WRITE_EXTERNAL_STORAGE" />
22-->src/main/AndroidManifest.xml:12:5-81
22-->src/main/AndroidManifest.xml:12:22-78
23    <uses-permission android:name="android.permission.WAKE_LOCK" />
23-->src/main/AndroidManifest.xml:13:5-68
23-->src/main/AndroidManifest.xml:13:22-65
24    <uses-permission android:name="android.permission.VIBRATE" />
24-->src/main/AndroidManifest.xml:14:5-66
24-->src/main/AndroidManifest.xml:14:22-63
25    <uses-permission android:name="android.permission.FOREGROUND_SERVICE" />
25-->src/main/AndroidManifest.xml:15:5-77
25-->src/main/AndroidManifest.xml:15:22-74
26
27    <uses-permission-sdk-23 android:name="android.permission.REQUEST_IGNORE_BATTERY_OPTIMIZATIONS" />
27-->src/main/AndroidManifest.xml:16:5-101
27-->src/main/AndroidManifest.xml:16:29-99
28
29    <application
29-->src/main/AndroidManifest.xml:18:5-141:19
30        android:allowBackup="true"
30-->src/main/AndroidManifest.xml:20:9-35
31        android:appComponentFactory="androidx.core.app.CoreComponentFactory"
31-->[androidx.core:core:1.0.0] AndroidManifest.xml:22:18-86
32        android:banner="@drawable/banner"
32-->src/main/AndroidManifest.xml:23:9-42
33        android:extractNativeLibs="true"
33-->src/main/AndroidManifest.xml:19:9-41
34        android:fullBackupContent="@xml/backupscheme"
34-->src/main/AndroidManifest.xml:21:9-54
35        android:icon="@drawable/ic_launcher"
35-->src/main/AndroidManifest.xml:22:9-45
36        android:label="@string/application_name"
36-->src/main/AndroidManifest.xml:24:9-49
37        android:supportsRtl="false"
37-->src/main/AndroidManifest.xml:26:9-36
38        android:theme="@style/Theme.Termux" >
38-->src/main/AndroidManifest.xml:25:9-44
39
40        <!--
41             This (or rather, value 2.1 or higher) is needed to make the Samsung Galaxy S8
42             mark the app with "This app is optimized to run in full screen."
43        -->
44        <meta-data
44-->src/main/AndroidManifest.xml:30:9-77
45            android:name="android.max_aspect"
45-->src/main/AndroidManifest.xml:30:20-53
46            android:value="10.0" />
46-->src/main/AndroidManifest.xml:30:54-74
47
48        <activity
48-->src/main/AndroidManifest.xml:32:9-48:20
49            android:name="co.miescuela.app.TermuxActivity"
49-->src/main/AndroidManifest.xml:33:13-59
50            android:configChanges="keyboard|keyboardHidden|orientation|screenSize"
50-->src/main/AndroidManifest.xml:35:13-83
51            android:label="@string/application_name"
51-->src/main/AndroidManifest.xml:34:13-53
52            android:launchMode="singleTask"
52-->src/main/AndroidManifest.xml:36:13-44
53            android:resizeableActivity="true"
53-->src/main/AndroidManifest.xml:37:13-46
54            android:windowSoftInputMode="adjustResize|stateAlwaysVisible" >
54-->src/main/AndroidManifest.xml:38:13-74
55            <intent-filter>
55-->src/main/AndroidManifest.xml:39:13-42:29
56                <action android:name="android.intent.action.MAIN" />
56-->src/main/AndroidManifest.xml:40:17-69
56-->src/main/AndroidManifest.xml:40:25-66
57
58                <category android:name="android.intent.category.LAUNCHER" />
58-->src/main/AndroidManifest.xml:41:17-77
58-->src/main/AndroidManifest.xml:41:27-74
59            </intent-filter>
60            <intent-filter>
60-->src/main/AndroidManifest.xml:43:13-46:29
61                <action android:name="android.intent.action.MAIN" />
61-->src/main/AndroidManifest.xml:40:17-69
61-->src/main/AndroidManifest.xml:40:25-66
62
63                <category android:name="android.intent.category.LEANBACK_LAUNCHER" />
63-->src/main/AndroidManifest.xml:45:17-86
63-->src/main/AndroidManifest.xml:45:27-83
64            </intent-filter>
65
66            <meta-data
66-->src/main/AndroidManifest.xml:47:13-97
67                android:name="android.app.shortcuts"
67-->src/main/AndroidManifest.xml:47:24-60
68                android:resource="@xml/shortcuts" />
68-->src/main/AndroidManifest.xml:47:61-94
69        </activity>
70
71        <activity-alias
71-->src/main/AndroidManifest.xml:105:9-115:26
72            android:name="co.miescuela.HomeActivity"
72-->src/main/AndroidManifest.xml:106:13-41
73            android:targetActivity="co.miescuela.app.TermuxActivity" >
73-->src/main/AndroidManifest.xml:107:13-69
74
75            <!-- Launch activity automatically on boot on Android Things devices -->
76            <intent-filter>
76-->src/main/AndroidManifest.xml:110:13-114:29
77                <action android:name="android.intent.action.MAIN" />
77-->src/main/AndroidManifest.xml:40:17-69
77-->src/main/AndroidManifest.xml:40:25-66
78
79                <category android:name="android.intent.category.IOT_LAUNCHER" />
79-->src/main/AndroidManifest.xml:112:17-80
79-->src/main/AndroidManifest.xml:112:27-78
80                <category android:name="android.intent.category.DEFAULT" />
80-->src/main/AndroidManifest.xml:84:17-76
80-->src/main/AndroidManifest.xml:84:27-73
81            </intent-filter>
82        </activity-alias>
83
84        <activity
84-->src/main/AndroidManifest.xml:50:9-56:56
85            android:name="co.miescuela.app.TermuxHelpActivity"
85-->src/main/AndroidManifest.xml:51:13-63
86            android:exported="false"
86-->src/main/AndroidManifest.xml:52:13-37
87            android:label="@string/application_name"
87-->src/main/AndroidManifest.xml:56:13-53
88            android:parentActivityName="co.miescuela.app.TermuxActivity"
88-->src/main/AndroidManifest.xml:54:13-61
89            android:resizeableActivity="true"
89-->src/main/AndroidManifest.xml:55:13-46
90            android:theme="@android:style/Theme.Material.Light.DarkActionBar" />
90-->src/main/AndroidManifest.xml:53:13-78
91        <activity
91-->src/main/AndroidManifest.xml:58:9-64:56
92            android:name="co.miescuela.app.MiescuelaAdminActivity"
92-->src/main/AndroidManifest.xml:59:13-67
93            android:exported="false"
93-->src/main/AndroidManifest.xml:60:13-37
94            android:label="@string/application_name"
94-->src/main/AndroidManifest.xml:64:13-53
95            android:parentActivityName="co.miescuela.app.TermuxActivity"
95-->src/main/AndroidManifest.xml:62:13-61
96            android:resizeableActivity="true"
96-->src/main/AndroidManifest.xml:63:13-46
97            android:theme="@android:style/Theme.Material.Light.DarkActionBar" />
97-->src/main/AndroidManifest.xml:61:13-78
98        <activity
98-->src/main/AndroidManifest.xml:66:9-72:56
99            android:name="co.miescuela.app.MiescuelaStreamActivity"
99-->src/main/AndroidManifest.xml:67:13-68
100            android:exported="false"
100-->src/main/AndroidManifest.xml:68:13-37
101            android:label="@string/application_name"
101-->src/main/AndroidManifest.xml:72:13-53
102            android:parentActivityName="co.miescuela.app.TermuxActivity"
102-->src/main/AndroidManifest.xml:70:13-61
103            android:resizeableActivity="true"
103-->src/main/AndroidManifest.xml:71:13-46
104            android:theme="@android:style/Theme.Material.Light.DarkActionBar" />
104-->src/main/AndroidManifest.xml:69:13-78
105        <activity
105-->src/main/AndroidManifest.xml:74:9-103:20
106            android:name="co.miescuela.filepicker.TermuxFileReceiverActivity"
106-->src/main/AndroidManifest.xml:75:13-78
107            android:excludeFromRecents="true"
107-->src/main/AndroidManifest.xml:78:13-46
108            android:label="@string/application_name"
108-->src/main/AndroidManifest.xml:76:13-53
109            android:noHistory="true"
109-->src/main/AndroidManifest.xml:80:13-37
110            android:resizeableActivity="true"
110-->src/main/AndroidManifest.xml:79:13-46
111            android:taskAffinity="co.miescuela.filereceiver" >
111-->src/main/AndroidManifest.xml:77:13-61
112
113            <!-- Accept multiple file types when sending. -->
114            <intent-filter>
114-->src/main/AndroidManifest.xml:82:13-92:29
115                <action android:name="android.intent.action.SEND" />
115-->src/main/AndroidManifest.xml:83:17-68
115-->src/main/AndroidManifest.xml:83:25-66
116
117                <category android:name="android.intent.category.DEFAULT" />
117-->src/main/AndroidManifest.xml:84:17-76
117-->src/main/AndroidManifest.xml:84:27-73
118
119                <data android:mimeType="application/*" />
119-->src/main/AndroidManifest.xml:85:17-58
119-->src/main/AndroidManifest.xml:85:23-55
120                <data android:mimeType="audio/*" />
120-->src/main/AndroidManifest.xml:85:17-58
120-->src/main/AndroidManifest.xml:85:23-55
121                <data android:mimeType="image/*" />
121-->src/main/AndroidManifest.xml:85:17-58
121-->src/main/AndroidManifest.xml:85:23-55
122                <data android:mimeType="message/*" />
122-->src/main/AndroidManifest.xml:85:17-58
122-->src/main/AndroidManifest.xml:85:23-55
123                <data android:mimeType="multipart/*" />
123-->src/main/AndroidManifest.xml:85:17-58
123-->src/main/AndroidManifest.xml:85:23-55
124                <data android:mimeType="text/*" />
124-->src/main/AndroidManifest.xml:85:17-58
124-->src/main/AndroidManifest.xml:85:23-55
125                <data android:mimeType="video/*" />
125-->src/main/AndroidManifest.xml:85:17-58
125-->src/main/AndroidManifest.xml:85:23-55
126            </intent-filter>
127            <!-- Be more restrictive for viewing files, restricting ourselves to text files. -->
128            <intent-filter>
128-->src/main/AndroidManifest.xml:94:13-102:29
129                <action android:name="android.intent.action.VIEW" />
129-->src/main/AndroidManifest.xml:95:17-68
129-->src/main/AndroidManifest.xml:95:25-66
130
131                <category android:name="android.intent.category.DEFAULT" />
131-->src/main/AndroidManifest.xml:84:17-76
131-->src/main/AndroidManifest.xml:84:27-73
132
133                <data android:mimeType="text/*" />
133-->src/main/AndroidManifest.xml:85:17-58
133-->src/main/AndroidManifest.xml:85:23-55
134                <data android:mimeType="application/json" />
134-->src/main/AndroidManifest.xml:85:17-58
134-->src/main/AndroidManifest.xml:85:23-55
135                <data android:mimeType="application/*xml*" />
135-->src/main/AndroidManifest.xml:85:17-58
135-->src/main/AndroidManifest.xml:85:23-55
136                <data android:mimeType="application/*latex*" />
136-->src/main/AndroidManifest.xml:85:17-58
136-->src/main/AndroidManifest.xml:85:23-55
137                <data android:mimeType="application/javascript" />
137-->src/main/AndroidManifest.xml:85:17-58
137-->src/main/AndroidManifest.xml:85:23-55
138            </intent-filter>
139        </activity>
140
141        <provider
141-->src/main/AndroidManifest.xml:117:9-126:20
142            android:name="co.miescuela.filepicker.TermuxDocumentsProvider"
142-->src/main/AndroidManifest.xml:118:13-63
143            android:authorities="co.miescuela.documents"
143-->src/main/AndroidManifest.xml:119:13-57
144            android:exported="true"
144-->src/main/AndroidManifest.xml:121:13-36
145            android:grantUriPermissions="true"
145-->src/main/AndroidManifest.xml:120:13-47
146            android:permission="android.permission.MANAGE_DOCUMENTS" >
146-->src/main/AndroidManifest.xml:122:13-69
147            <intent-filter>
147-->src/main/AndroidManifest.xml:123:13-125:29
148                <action android:name="android.content.action.DOCUMENTS_PROVIDER" />
148-->src/main/AndroidManifest.xml:124:17-84
148-->src/main/AndroidManifest.xml:124:25-81
149            </intent-filter>
150        </provider>
151
152        <service
152-->src/main/AndroidManifest.xml:128:9-130:40
153            android:name="co.miescuela.app.TermuxService"
153-->src/main/AndroidManifest.xml:129:13-58
154            android:exported="false" />
154-->src/main/AndroidManifest.xml:130:13-37
155
156        <receiver android:name="co.miescuela.app.TermuxOpenReceiver" />
156-->src/main/AndroidManifest.xml:132:9-60
156-->src/main/AndroidManifest.xml:132:19-57
157
158        <provider
158-->src/main/AndroidManifest.xml:134:9-138:88
159            android:name="co.miescuela.app.TermuxOpenReceiver$ContentProvider"
159-->src/main/AndroidManifest.xml:138:19-85
160            android:authorities="co.miescuela.files"
160-->src/main/AndroidManifest.xml:134:19-59
161            android:exported="true"
161-->src/main/AndroidManifest.xml:136:19-42
162            android:grantUriPermissions="true"
162-->src/main/AndroidManifest.xml:137:19-53
163            android:readPermission="android.permission.permRead" />
163-->src/main/AndroidManifest.xml:135:19-71
164
165        <meta-data
165-->src/main/AndroidManifest.xml:140:9-94
166            android:name="com.sec.android.support.multiwindow"
166-->src/main/AndroidManifest.xml:140:20-70
167            android:value="true" />
167-->src/main/AndroidManifest.xml:140:71-91
168    </application>
169
170</manifest>